<?xml version="1.0" encoding="UTF-8"?>
<testng-results ignored="0" total="2" passed="2" failed="0" skipped="0">
  <reporter-output>
  </reporter-output>
  <suite started-at="2024-12-03T10:36:50 IST" name="Surefire suite" finished-at="2024-12-03T10:36:54 IST" duration-ms="4324">
    <groups>
    </groups>
    <test started-at="2024-12-03T10:36:50 IST" name="Surefire test" finished-at="2024-12-03T10:36:54 IST" duration-ms="4324">
      <class name="org.data.UserTest">
        <test-method is-config="true" signature="setUp()[pri:0, instance:org.data.UserTest@85e6769]" started-at="2024-12-03T10:36:50 IST" name="setUp" finished-at="2024-12-03T10:36:53 IST" duration-ms="3131" status="PASS">
          <reporter-output>
          </reporter-output>
        </test-method> <!-- setUp -->
        <test-method signature="testValidEmail()[pri:1, instance:org.data.UserTest@85e6769]" started-at="2024-12-03T10:36:53 IST" name="testValidEmail" finished-at="2024-12-03T10:36:54 IST" duration-ms="492" status="PASS">
          <reporter-output>
          </reporter-output>
        </test-method> <!-- testValidEmail -->
        <test-method signature="testStrongPassword()[pri:2, instance:org.data.UserTest@85e6769]" started-at="2024-12-03T10:36:54 IST" name="testStrongPassword" finished-at="2024-12-03T10:36:54 IST" duration-ms="205" status="PASS">
          <reporter-output>
          </reporter-output>
        </test-method> <!-- testStrongPassword -->
        <test-method is-config="true" signature="tearDown()[pri:0, instance:org.data.UserTest@85e6769]" started-at="2024-12-03T10:36:54 IST" name="tearDown" finished-at="2024-12-03T10:36:54 IST" duration-ms="430" status="PASS">
          <reporter-output>
          </reporter-output>
        </test-method> <!-- tearDown -->
      </class> <!-- org.data.UserTest -->
    </test> <!-- Surefire test -->
  </suite> <!-- Surefire suite -->
</testng-results>
