<?xml version="1.0" encoding="UTF-8"?>
<testng-results ignored="0" total="2" passed="2" failed="0" skipped="0">
  <reporter-output>
  </reporter-output>
  <suite started-at="2024-12-02T19:58:53 IST" name="Default suite" finished-at="2024-12-02T19:58:58 IST" duration-ms="5590">
    <groups>
    </groups>
    <test started-at="2024-12-02T19:58:53 IST" name="Default test" finished-at="2024-12-02T19:58:58 IST" duration-ms="5590">
      <class name="org.data.UserTest">
        <test-method is-config="true" signature="setUp()[pri:0, instance:org.data.UserTest@2362f559]" started-at="2024-12-02T19:58:53 IST" name="setUp" finished-at="2024-12-02T19:58:57 IST" duration-ms="3848" status="PASS">
          <reporter-output>
          </reporter-output>
        </test-method> <!-- setUp -->
        <test-method signature="testValidEmail()[pri:1, instance:org.data.UserTest@2362f559]" started-at="2024-12-02T19:58:57 IST" name="testValidEmail" finished-at="2024-12-02T19:58:57 IST" duration-ms="417" status="PASS">
          <reporter-output>
          </reporter-output>
        </test-method> <!-- testValidEmail -->
        <test-method signature="testStrongPassword()[pri:2, instance:org.data.UserTest@2362f559]" started-at="2024-12-02T19:58:57 IST" name="testStrongPassword" finished-at="2024-12-02T19:58:58 IST" duration-ms="590" status="PASS">
          <reporter-output>
          </reporter-output>
        </test-method> <!-- testStrongPassword -->
        <test-method is-config="true" signature="tearDown()[pri:0, instance:org.data.UserTest@2362f559]" started-at="2024-12-02T19:58:58 IST" name="tearDown" finished-at="2024-12-02T19:58:58 IST" duration-ms="669" status="PASS">
          <reporter-output>
          </reporter-output>
        </test-method> <!-- tearDown -->
      </class> <!-- org.data.UserTest -->
    </test> <!-- Default test -->
  </suite> <!-- Default suite -->
</testng-results>
